[INFO][auth.go:50]2019/08/04 01:55:29 [Username.Required Can not be empty]
[INFO][auth.go:50]2019/08/04 01:55:29 [Password.Required Can not be empty]
[INFO][auth.go:46]2019/08/04 02:07:36 [GetAuth Success]
[INFO][auth.go:46]2019/08/04 02:26:46 [GetAuth Success]
[INFO][auth.go:46]2019/08/04 02:27:18 [GetAuth Success]
[INFO][auth.go:46]2019/08/04 02:28:07 [GetAuth Success]
[INFO][auth.go:46]2019/08/04 02:29:44 [GetAuth Success]
[INFO][auth.go:46]2019/08/04 02:38:42 [GetAuth Success]
[INFO][auth.go:46]2019/08/04 02:41:54 [GetAuth Success]
[INFO][auth.go:46]2019/08/04 13:43:43 [GetAuth Success]
[INFO][auth.go:46]2019/08/04 13:44:48 [GetAuth Success]
[INFO][article.go:81]2019/08/04 13:45:13 [state 状态只允许0或1]
[INFO][article.go:82]2019/08/04 13:45:13 [GetArticles Err]
[INFO][article.go:81]2019/08/04 13:45:13 [tag_id 标签ID必须大于0]
[INFO][article.go:82]2019/08/04 13:45:13 [GetArticles Err]
[INFO][article.go:130]2019/08/04 13:45:38 [tag_id 标签ID必须大于0]
[INFO][article.go:130]2019/08/04 13:45:38 [title 标题不能为空]
[INFO][article.go:130]2019/08/04 13:45:38 [desc 简述不能为空]
[INFO][article.go:130]2019/08/04 13:45:38 [content 内容不能为空]
[INFO][article.go:130]2019/08/04 13:45:38 [created_by 创建人不能为空]
[INFO][article.go:130]2019/08/04 13:45:38 [state 状态只允许0或1]
[INFO][auth.go:46]2019/08/04 23:18:38 [GetAuth Success]
[INFO][auth.go:46]2019/08/04 23:18:43 [GetAuth Success]
